<?xml version="1.0" encoding="UTF-8"?>
<!-- Generated by org.testng.reporters.JUnitReportReporter -->
<testsuite hostname="LTIN297359" failures="0" tests="1" name="TestCase.TestCase001" time="13.337" errors="0" timestamp="2024-06-01T15:01:39 IST" skipped="0">
  <testcase classname="TestCase.TestCase001" name="clickmobiles" time="13.337"/>
</testsuite> <!-- TestCase.TestCase001 -->
