<?xml version="1.0" encoding="UTF-8"?>
<!-- Generated by org.testng.reporters.JUnitReportReporter -->
<testsuite hostname="LTIN297359" failures="0" tests="1" name="TestCase.TestCase001ClickOnBikes" time="12.962" errors="0" timestamp="2024-06-03T13:27:59 IST" skipped="0">
  <testcase classname="TestCase.TestCase001ClickOnBikes" name="clickmobiles" time="12.962"/>
</testsuite> <!-- TestCase.TestCase001ClickOnBikes -->
