<?xml version="1.0" encoding="UTF-8"?>
<!-- Generated by org.testng.reporters.JUnitReportReporter -->
<testsuite hostname="LTIN297359" failures="0" tests="1" name="TestCase.TestCase002GetDetails" time="7.841" errors="0" timestamp="2024-06-03T13:27:59 IST" skipped="0">
  <testcase classname="TestCase.TestCase002GetDetails" name="ipaddetails" time="7.841"/>
</testsuite> <!-- TestCase.TestCase002GetDetails -->
